\BOOKMARK [0][-]{chapter*.3}{\376\377\000C\000h\000a\000p\000t\000e\000r\000\040\000O\000n\000e\000:\000\040\000T\000h\000e\000\040\000R\000e\000a\000l\000\040\000a\000n\000d\000\040\000C\000o\000m\000p\000l\000e\000x\000\040\000N\000u\000m\000b\000e\000r\000\040\000S\000y\000s\000t\000e\000m\000s}{}% 1
\BOOKMARK [1][-]{section.1.1}{\376\377\000T\000h\000e\000\040\000A\000x\000i\000o\000m\000\040\000o\000f\000\040\000C\000o\000m\000p\000l\000e\000t\000e\000n\000e\000s\000s}{chapter*.3}% 2
\BOOKMARK [1][-]{section.1.2}{\376\377\000E\000x\000a\000m\000p\000l\000e\000s}{chapter*.3}% 3
\BOOKMARK [1][-]{section.1.3}{\376\377\000L\000e\000a\000s\000t\000\040\000U\000p\000p\000e\000r\000\040\000B\000o\000u\000n\000d\000\040\000P\000r\000o\000p\000e\000r\000t\000y}{chapter*.3}% 4
\BOOKMARK [1][-]{section.1.4}{\376\377\000C\000o\000n\000s\000e\000q\000u\000e\000n\000c\000e\000s\000\040\000o\000f\000\040\000C\000o\000m\000p\000l\000e\000t\000e\000n\000e\000s\000s}{chapter*.3}% 5
\BOOKMARK [1][-]{section.1.5}{\376\377\000T\000h\000e\000\040\000D\000e\000n\000s\000i\000t\000y\000\040\000o\000f\000\040\000Q\000\040\000a\000n\000d\000\040\000C\000\040\000i\000n\000\040\000R}{chapter*.3}% 6
\BOOKMARK [1][-]{section.1.6}{\376\377\000F\000i\000e\000l\000d\000s}{chapter*.3}% 7
\BOOKMARK [1][-]{section.1.7}{\376\377\000E\000x\000e\000r\000c\000i\000s\000e\000s}{chapter*.3}% 8
\BOOKMARK [1][-]{section.1.8}{\376\377\000C\000a\000r\000d\000i\000n\000a\000l\000i\000t\000y\000\040\000\046\000\040\000C\000o\000u\000n\000t\000a\000b\000i\000l\000i\000t\000y}{chapter*.3}% 9
\BOOKMARK [1][-]{section.1.9}{\376\377\000P\000r\000o\000p\000e\000r\000t\000i\000e\000s\000\040\000o\000f\000\040\000N\000o\000r\000m\000s}{chapter*.3}% 10
\BOOKMARK [0][-]{chapter*.4}{\376\377\000C\000h\000a\000p\000t\000e\000r\000\040\000T\000w\000o\000:\000\040\000S\000e\000q\000u\000e\000n\000c\000e\000s\000\040\000a\000n\000d\000\040\000S\000e\000r\000i\000e\000s}{}% 11
\BOOKMARK [1][-]{section.2.1}{\376\377\000S\000e\000q\000u\000e\000n\000c\000e\000s}{chapter*.4}% 12
\BOOKMARK [1][-]{section.2.2}{\376\377\000S\000o\000m\000e\000\040\000E\000x\000a\000m\000p\000l\000e\000s\000:}{chapter*.4}% 13
\BOOKMARK [1][-]{section.2.3}{\376\377\000T\000h\000e\000\040\000A\000l\000g\000e\000b\000r\000a\000i\000c\000\040\000a\000n\000d\000\040\000O\000r\000d\000e\000r\000\040\000L\000i\000m\000i\000t\000\040\000T\000h\000e\000o\000r\000e\000m\000s}{chapter*.4}% 14
\BOOKMARK [1][-]{section.2.4}{\376\377\000T\000h\000e\000\040\000M\000o\000n\000o\000t\000o\000n\000e\000\040\000C\000o\000n\000v\000e\000r\000g\000e\000n\000c\000e\000\040\000T\000h\000e\000o\000r\000e\000m\000\040}{chapter*.4}% 15
\BOOKMARK [1][-]{section.2.5}{\376\377\000S\000u\000b\000s\000e\000q\000u\000e\000n\000c\000e\000s\000\040\000a\000n\000d\000\040\000B\000o\000l\000z\000a\000n\000o\000-\000W\000e\000i\000e\000r\000s\000t\000r\000a\000s\000s\000\040\000T\000h\000e\000o\000r\000e\000m}{chapter*.4}% 16
\BOOKMARK [1][-]{section.2.6}{\376\377\000T\000h\000e\000\040\000C\000a\000u\000c\000h\000y\000\040\000C\000r\000i\000t\000e\000r\000i\000o\000n}{chapter*.4}% 17
\BOOKMARK [1][-]{section.2.7}{\376\377\000I\000n\000f\000i\000n\000i\000t\000e\000\040\000S\000e\000r\000i\000e\000s}{chapter*.4}% 18
\BOOKMARK [0][-]{chapter*.5}{\376\377\000C\000h\000a\000p\000t\000e\000r\000\040\000T\000h\000r\000e\000e\000:\000\040\000B\000a\000s\000i\000c\000\040\000T\000o\000p\000o\000l\000o\000g\000y}{}% 19
\BOOKMARK [1][-]{section.3.1}{\376\377\000M\000e\000t\000r\000i\000c\000\040\000S\000p\000a\000c\000e\000s}{chapter*.5}% 20
\BOOKMARK [1][-]{section.3.2}{\376\377\000C\000o\000m\000p\000a\000c\000t\000n\000e\000s\000s}{chapter*.5}% 21
\BOOKMARK [1][-]{section.3.3}{\376\377\000T\000o\000p\000o\000l\000o\000g\000y\000\040\000o\000f\000\040\000R\000\040\000a\000n\000d\000\040\000M\000e\000t\000r\000i\000c\000\040\000S\000p\000a\000c\000e\000s}{chapter*.5}% 22
\BOOKMARK [1][-]{section.3.4}{\376\377\000F\000u\000n\000c\000t\000i\000o\000n\000a\000l\000\040\000L\000i\000m\000i\000t\000s\000\040\000a\000n\000d\000\040\000C\000o\000n\000t\000i\000n\000u\000i\000t\000y}{chapter*.5}% 23
\BOOKMARK [0][-]{chapter*.6}{\376\377\000C\000h\000a\000p\000t\000e\000r\000\040\000F\000o\000u\000r\000:\000\040\000C\000o\000n\000t\000i\000n\000u\000i\000t\000y}{}% 24
\BOOKMARK [1][-]{section.4.1}{\376\377\000F\000u\000n\000c\000t\000i\000o\000n\000a\000l\000\040\000L\000i\000m\000i\000t\000s}{chapter*.6}% 25
